<?xml version="1.0" encoding="UTF-8"?>
<!-- Generated by org.testng.reporters.JUnitReportReporter -->
<testsuite hostname="DCCPL0634" failures="0" tests="1" name="com.dhruv.tests.LoginTest" time="7.774" errors="0" timestamp="2024-05-17T13:01:39 IST" skipped="0">
  <testcase classname="com.dhruv.tests.LoginTest" name="testInvalidLogin" time="7.774"/>
  <system-out/>
</testsuite> <!-- com.dhruv.tests.LoginTest -->
